.\Debug\game.bsc
D:\NQDEV\TRUNK\QAGAME_MP_X86.DLL
D:\NQDEV\trunk\src\game\.\Debug\game.dll.intermediate.manifest
D:\NQDEV\TRUNK\SRC\GAME\DEBUG\BG_ANIMATION.OBJ
D:\NQDEV\TRUNK\SRC\GAME\DEBUG\BG_ANIMATION.SBR
D:\NQDEV\TRUNK\SRC\GAME\DEBUG\BG_ANIMGROUP.OBJ
D:\NQDEV\TRUNK\SRC\GAME\DEBUG\BG_ANIMGROUP.SBR
D:\NQDEV\TRUNK\SRC\GAME\DEBUG\BG_CAMPAIGN.OBJ
D:\NQDEV\TRUNK\SRC\GAME\DEBUG\BG_CAMPAIGN.SBR
D:\NQDEV\TRUNK\SRC\GAME\DEBUG\BG_CHARACTER.OBJ
D:\NQDEV\TRUNK\SRC\GAME\DEBUG\BG_CHARACTER.SBR
D:\NQDEV\TRUNK\SRC\GAME\DEBUG\BG_CLASSES.OBJ
D:\NQDEV\TRUNK\SRC\GAME\DEBUG\BG_CLASSES.SBR
D:\NQDEV\TRUNK\SRC\GAME\DEBUG\BG_MISC.OBJ
D:\NQDEV\TRUNK\SRC\GAME\DEBUG\BG_MISC.SBR
D:\NQDEV\TRUNK\SRC\GAME\DEBUG\BG_PMOVE.OBJ
D:\NQDEV\TRUNK\SRC\GAME\DEBUG\BG_PMOVE.SBR
D:\NQDEV\TRUNK\SRC\GAME\DEBUG\BG_PROFILER_HOOK.OBJ
D:\NQDEV\TRUNK\SRC\GAME\DEBUG\BG_PROFILER_HOOK.SBR
D:\NQDEV\TRUNK\SRC\GAME\DEBUG\BG_SLIDEMOVE.OBJ
D:\NQDEV\TRUNK\SRC\GAME\DEBUG\BG_SLIDEMOVE.SBR
D:\NQDEV\TRUNK\SRC\GAME\DEBUG\BG_SSCRIPT.OBJ
D:\NQDEV\TRUNK\SRC\GAME\DEBUG\BG_SSCRIPT.SBR
D:\NQDEV\TRUNK\SRC\GAME\DEBUG\BG_STATS.OBJ
D:\NQDEV\TRUNK\SRC\GAME\DEBUG\BG_STATS.SBR
D:\NQDEV\TRUNK\SRC\GAME\DEBUG\BG_TRACEMAP.OBJ
D:\NQDEV\TRUNK\SRC\GAME\DEBUG\BG_TRACEMAP.SBR
D:\NQDEV\TRUNK\SRC\GAME\DEBUG\BG_WEAPONS.OBJ
D:\NQDEV\TRUNK\SRC\GAME\DEBUG\BG_WEAPONS.SBR
D:\NQDEV\TRUNK\SRC\GAME\DEBUG\BOTLOADLIBRARY.OBJ
D:\NQDEV\TRUNK\SRC\GAME\DEBUG\BOTLOADLIBRARY.SBR
D:\NQDEV\trunk\src\game\Debug\BscMake.command.1.tlog
D:\NQDEV\trunk\src\game\Debug\bscmake.read.1.tlog
D:\NQDEV\trunk\src\game\Debug\bscmake.write.1.tlog
D:\NQDEV\trunk\src\game\Debug\cl.command.1.tlog
D:\NQDEV\trunk\src\game\Debug\CL.read.1.tlog
D:\NQDEV\trunk\src\game\Debug\CL.write.1.tlog
D:\NQDEV\TRUNK\SRC\GAME\DEBUG\ET-ANTIWARP.OBJ
D:\NQDEV\TRUNK\SRC\GAME\DEBUG\ET-ANTIWARP.SBR
D:\NQDEV\TRUNK\SRC\GAME\DEBUG\ETPRO_MDX.OBJ
D:\NQDEV\TRUNK\SRC\GAME\DEBUG\ETPRO_MDX.SBR
D:\NQDEV\TRUNK\SRC\GAME\DEBUG\G_ACTIVE.OBJ
D:\NQDEV\TRUNK\SRC\GAME\DEBUG\G_ACTIVE.SBR
D:\NQDEV\TRUNK\SRC\GAME\DEBUG\G_ALARM.OBJ
D:\NQDEV\TRUNK\SRC\GAME\DEBUG\G_ALARM.SBR
D:\NQDEV\TRUNK\SRC\GAME\DEBUG\G_ANTILAG.OBJ
D:\NQDEV\TRUNK\SRC\GAME\DEBUG\G_ANTILAG.SBR
D:\NQDEV\TRUNK\SRC\GAME\DEBUG\G_BUDDY_LIST.OBJ
D:\NQDEV\TRUNK\SRC\GAME\DEBUG\G_BUDDY_LIST.SBR
D:\NQDEV\TRUNK\SRC\GAME\DEBUG\G_CHARACTER.OBJ
D:\NQDEV\TRUNK\SRC\GAME\DEBUG\G_CHARACTER.SBR
D:\NQDEV\TRUNK\SRC\GAME\DEBUG\G_CLIENT.OBJ
D:\NQDEV\TRUNK\SRC\GAME\DEBUG\G_CLIENT.SBR
D:\NQDEV\TRUNK\SRC\GAME\DEBUG\G_CMDS.OBJ
D:\NQDEV\TRUNK\SRC\GAME\DEBUG\G_CMDS.SBR
D:\NQDEV\TRUNK\SRC\GAME\DEBUG\G_CMDS_EXT.OBJ
D:\NQDEV\TRUNK\SRC\GAME\DEBUG\G_CMDS_EXT.SBR
D:\NQDEV\TRUNK\SRC\GAME\DEBUG\G_COMBAT.OBJ
D:\NQDEV\TRUNK\SRC\GAME\DEBUG\G_COMBAT.SBR
D:\NQDEV\TRUNK\SRC\GAME\DEBUG\G_CONFIG.OBJ
D:\NQDEV\TRUNK\SRC\GAME\DEBUG\G_CONFIG.SBR
D:\NQDEV\TRUNK\SRC\GAME\DEBUG\G_CRASH.OBJ
D:\NQDEV\TRUNK\SRC\GAME\DEBUG\G_CRASH.SBR
D:\NQDEV\TRUNK\SRC\GAME\DEBUG\G_ETBOT_INTERFACE.OBJ
D:\NQDEV\TRUNK\SRC\GAME\DEBUG\G_ETBOT_INTERFACE.SBR
D:\NQDEV\TRUNK\SRC\GAME\DEBUG\G_FIRETEAMS.OBJ
D:\NQDEV\TRUNK\SRC\GAME\DEBUG\G_FIRETEAMS.SBR
D:\NQDEV\TRUNK\SRC\GAME\DEBUG\G_ITEMS.OBJ
D:\NQDEV\TRUNK\SRC\GAME\DEBUG\G_ITEMS.SBR
D:\NQDEV\TRUNK\SRC\GAME\DEBUG\G_LUA.OBJ
D:\NQDEV\TRUNK\SRC\GAME\DEBUG\G_LUA.SBR
D:\NQDEV\TRUNK\SRC\GAME\DEBUG\G_MAIN.OBJ
D:\NQDEV\TRUNK\SRC\GAME\DEBUG\G_MAIN.SBR
D:\NQDEV\TRUNK\SRC\GAME\DEBUG\G_MATCH.OBJ
D:\NQDEV\TRUNK\SRC\GAME\DEBUG\G_MATCH.SBR
D:\NQDEV\TRUNK\SRC\GAME\DEBUG\G_MATCH_TOKENS.OBJ
D:\NQDEV\TRUNK\SRC\GAME\DEBUG\G_MATCH_TOKENS.SBR
D:\NQDEV\TRUNK\SRC\GAME\DEBUG\G_MEM.OBJ
D:\NQDEV\TRUNK\SRC\GAME\DEBUG\G_MEM.SBR
D:\NQDEV\TRUNK\SRC\GAME\DEBUG\G_MISC.OBJ
D:\NQDEV\TRUNK\SRC\GAME\DEBUG\G_MISC.SBR
D:\NQDEV\TRUNK\SRC\GAME\DEBUG\G_MISSILE.OBJ
D:\NQDEV\TRUNK\SRC\GAME\DEBUG\G_MISSILE.SBR
D:\NQDEV\TRUNK\SRC\GAME\DEBUG\G_MOVER.OBJ
D:\NQDEV\TRUNK\SRC\GAME\DEBUG\G_MOVER.SBR
D:\NQDEV\TRUNK\SRC\GAME\DEBUG\G_MULTIVIEW.OBJ
D:\NQDEV\TRUNK\SRC\GAME\DEBUG\G_MULTIVIEW.SBR
D:\NQDEV\TRUNK\SRC\GAME\DEBUG\G_OSFILE.OBJ
D:\NQDEV\TRUNK\SRC\GAME\DEBUG\G_OSFILE.SBR
D:\NQDEV\TRUNK\SRC\GAME\DEBUG\G_PROPS.OBJ
D:\NQDEV\TRUNK\SRC\GAME\DEBUG\G_PROPS.SBR
D:\NQDEV\TRUNK\SRC\GAME\DEBUG\G_REFEREE.OBJ
D:\NQDEV\TRUNK\SRC\GAME\DEBUG\G_REFEREE.SBR
D:\NQDEV\TRUNK\SRC\GAME\DEBUG\G_SCRIPT.OBJ
D:\NQDEV\TRUNK\SRC\GAME\DEBUG\G_SCRIPT.SBR
D:\NQDEV\TRUNK\SRC\GAME\DEBUG\G_SCRIPT_ACTIONS.OBJ
D:\NQDEV\TRUNK\SRC\GAME\DEBUG\G_SCRIPT_ACTIONS.SBR
D:\NQDEV\TRUNK\SRC\GAME\DEBUG\G_SESSION.OBJ
D:\NQDEV\TRUNK\SRC\GAME\DEBUG\G_SESSION.SBR
D:\NQDEV\TRUNK\SRC\GAME\DEBUG\G_SHA1.OBJ
D:\NQDEV\TRUNK\SRC\GAME\DEBUG\G_SHA1.SBR
D:\NQDEV\TRUNK\SRC\GAME\DEBUG\G_SHRUBBOT.OBJ
D:\NQDEV\TRUNK\SRC\GAME\DEBUG\G_SHRUBBOT.SBR
D:\NQDEV\TRUNK\SRC\GAME\DEBUG\G_SPAWN.OBJ
D:\NQDEV\TRUNK\SRC\GAME\DEBUG\G_SPAWN.SBR
D:\NQDEV\TRUNK\SRC\GAME\DEBUG\G_STATS.OBJ
D:\NQDEV\TRUNK\SRC\GAME\DEBUG\G_STATS.SBR
D:\NQDEV\TRUNK\SRC\GAME\DEBUG\G_STRPARSE.OBJ
D:\NQDEV\TRUNK\SRC\GAME\DEBUG\G_STRPARSE.SBR
D:\NQDEV\TRUNK\SRC\GAME\DEBUG\G_SVCMDS.OBJ
D:\NQDEV\TRUNK\SRC\GAME\DEBUG\G_SVCMDS.SBR
D:\NQDEV\TRUNK\SRC\GAME\DEBUG\G_SYSCALLS.OBJ
D:\NQDEV\TRUNK\SRC\GAME\DEBUG\G_SYSCALLS.SBR
D:\NQDEV\TRUNK\SRC\GAME\DEBUG\G_SYSTEMMSG.OBJ
D:\NQDEV\TRUNK\SRC\GAME\DEBUG\G_SYSTEMMSG.SBR
D:\NQDEV\TRUNK\SRC\GAME\DEBUG\G_TARGET.OBJ
D:\NQDEV\TRUNK\SRC\GAME\DEBUG\G_TARGET.SBR
D:\NQDEV\TRUNK\SRC\GAME\DEBUG\G_TEAM.OBJ
D:\NQDEV\TRUNK\SRC\GAME\DEBUG\G_TEAM.SBR
D:\NQDEV\TRUNK\SRC\GAME\DEBUG\G_TEAMMAPDATA.OBJ
D:\NQDEV\TRUNK\SRC\GAME\DEBUG\G_TEAMMAPDATA.SBR
D:\NQDEV\TRUNK\SRC\GAME\DEBUG\G_TIME.OBJ
D:\NQDEV\TRUNK\SRC\GAME\DEBUG\G_TIME.SBR
D:\NQDEV\TRUNK\SRC\GAME\DEBUG\G_TRIGGER.OBJ
D:\NQDEV\TRUNK\SRC\GAME\DEBUG\G_TRIGGER.SBR
D:\NQDEV\TRUNK\SRC\GAME\DEBUG\G_UTILS.OBJ
D:\NQDEV\TRUNK\SRC\GAME\DEBUG\G_UTILS.SBR
D:\NQDEV\TRUNK\SRC\GAME\DEBUG\G_VOTE.OBJ
D:\NQDEV\TRUNK\SRC\GAME\DEBUG\G_VOTE.SBR
D:\NQDEV\TRUNK\SRC\GAME\DEBUG\G_WEAPON.OBJ
D:\NQDEV\TRUNK\SRC\GAME\DEBUG\G_WEAPON.SBR
D:\NQDEV\TRUNK\SRC\GAME\DEBUG\G_XPSAVE.OBJ
D:\NQDEV\TRUNK\SRC\GAME\DEBUG\G_XPSAVE.SBR
D:\NQDEV\TRUNK\SRC\GAME\DEBUG\GAME.BSC
D:\NQDEV\TRUNK\SRC\GAME\DEBUG\GAME.DLL.INTERMEDIATE.MANIFEST
D:\NQDEV\trunk\src\game\Debug\game.write.1.tlog
D:\NQDEV\TRUNK\SRC\GAME\DEBUG\GEOIP.OBJ
D:\NQDEV\TRUNK\SRC\GAME\DEBUG\GEOIP.SBR
D:\NQDEV\trunk\src\game\Debug\link.command.1.tlog
D:\NQDEV\trunk\src\game\Debug\link.read.1.tlog
D:\NQDEV\trunk\src\game\Debug\link.write.1.tlog
D:\NQDEV\trunk\src\game\Debug\mt.command.1.tlog
D:\NQDEV\trunk\src\game\Debug\mt.read.1.tlog
D:\NQDEV\trunk\src\game\Debug\mt.write.1.tlog
D:\NQDEV\TRUNK\SRC\GAME\DEBUG\Q_MATH.OBJ
D:\NQDEV\TRUNK\SRC\GAME\DEBUG\Q_MATH.SBR
D:\NQDEV\TRUNK\SRC\GAME\DEBUG\Q_SHARED.OBJ
D:\NQDEV\TRUNK\SRC\GAME\DEBUG\Q_SHARED.SBR
D:\NQDEV\trunk\src\game\Debug\qagame_mp_x86.exp
D:\NQDEV\trunk\src\game\Debug\qagame_mp_x86.lib
D:\NQDEV\TRUNK\SRC\GAME\DEBUG\QAGAME_MP_X86.MAP
D:\NQDEV\TRUNK\SRC\GAME\DEBUG\QAGAME_MP_X86.PDB
D:\NQDEV\TRUNK\SRC\GAME\DEBUG\SHA1.OBJ
D:\NQDEV\TRUNK\SRC\GAME\DEBUG\SHA1.SBR
D:\NQDEV\trunk\src\game\Debug\vc100.idb
D:\NQDEV\TRUNK\SRC\GAME\DEBUG\VC100.PDB
