.\Debug\cgame.bsc
D:\NQDEV\TRUNK\CGAME_MP_X86.DLL
D:\NQDEV\trunk\src\cgame\.\Debug\cgame.dll.intermediate.manifest
D:\NQDEV\TRUNK\SRC\CGAME\DEBUG\BG_ANIMATION.OBJ
D:\NQDEV\TRUNK\SRC\CGAME\DEBUG\BG_ANIMATION.SBR
D:\NQDEV\TRUNK\SRC\CGAME\DEBUG\BG_ANIMGROUP.OBJ
D:\NQDEV\TRUNK\SRC\CGAME\DEBUG\BG_ANIMGROUP.SBR
D:\NQDEV\TRUNK\SRC\CGAME\DEBUG\BG_CAMPAIGN.OBJ
D:\NQDEV\TRUNK\SRC\CGAME\DEBUG\BG_CAMPAIGN.SBR
D:\NQDEV\TRUNK\SRC\CGAME\DEBUG\BG_CHARACTER.OBJ
D:\NQDEV\TRUNK\SRC\CGAME\DEBUG\BG_CHARACTER.SBR
D:\NQDEV\TRUNK\SRC\CGAME\DEBUG\BG_CLASSES.OBJ
D:\NQDEV\TRUNK\SRC\CGAME\DEBUG\BG_CLASSES.SBR
D:\NQDEV\TRUNK\SRC\CGAME\DEBUG\BG_MISC.OBJ
D:\NQDEV\TRUNK\SRC\CGAME\DEBUG\BG_MISC.SBR
D:\NQDEV\TRUNK\SRC\CGAME\DEBUG\BG_PMOVE.OBJ
D:\NQDEV\TRUNK\SRC\CGAME\DEBUG\BG_PMOVE.SBR
D:\NQDEV\TRUNK\SRC\CGAME\DEBUG\BG_SLIDEMOVE.OBJ
D:\NQDEV\TRUNK\SRC\CGAME\DEBUG\BG_SLIDEMOVE.SBR
D:\NQDEV\TRUNK\SRC\CGAME\DEBUG\BG_SSCRIPT.OBJ
D:\NQDEV\TRUNK\SRC\CGAME\DEBUG\BG_SSCRIPT.SBR
D:\NQDEV\TRUNK\SRC\CGAME\DEBUG\BG_STATS.OBJ
D:\NQDEV\TRUNK\SRC\CGAME\DEBUG\BG_STATS.SBR
D:\NQDEV\TRUNK\SRC\CGAME\DEBUG\BG_TRACEMAP.OBJ
D:\NQDEV\TRUNK\SRC\CGAME\DEBUG\BG_TRACEMAP.SBR
D:\NQDEV\TRUNK\SRC\CGAME\DEBUG\BG_WEAPONS.OBJ
D:\NQDEV\TRUNK\SRC\CGAME\DEBUG\BG_WEAPONS.SBR
D:\NQDEV\trunk\src\cgame\Debug\BscMake.command.1.tlog
D:\NQDEV\trunk\src\cgame\Debug\bscmake.read.1.tlog
D:\NQDEV\trunk\src\cgame\Debug\bscmake.write.1.tlog
D:\NQDEV\TRUNK\SRC\CGAME\DEBUG\CG_ATMOSPHERIC.OBJ
D:\NQDEV\TRUNK\SRC\CGAME\DEBUG\CG_ATMOSPHERIC.SBR
D:\NQDEV\TRUNK\SRC\CGAME\DEBUG\CG_CHARACTER.OBJ
D:\NQDEV\TRUNK\SRC\CGAME\DEBUG\CG_CHARACTER.SBR
D:\NQDEV\TRUNK\SRC\CGAME\DEBUG\CG_COMMANDMAP.OBJ
D:\NQDEV\TRUNK\SRC\CGAME\DEBUG\CG_COMMANDMAP.SBR
D:\NQDEV\TRUNK\SRC\CGAME\DEBUG\CG_CONSOLECMDS.OBJ
D:\NQDEV\TRUNK\SRC\CGAME\DEBUG\CG_CONSOLECMDS.SBR
D:\NQDEV\TRUNK\SRC\CGAME\DEBUG\CG_CRASH.OBJ
D:\NQDEV\TRUNK\SRC\CGAME\DEBUG\CG_CRASH.SBR
D:\NQDEV\TRUNK\SRC\CGAME\DEBUG\CG_DEBRIEFING.OBJ
D:\NQDEV\TRUNK\SRC\CGAME\DEBUG\CG_DEBRIEFING.SBR
D:\NQDEV\TRUNK\SRC\CGAME\DEBUG\CG_DRAW.OBJ
D:\NQDEV\TRUNK\SRC\CGAME\DEBUG\CG_DRAW.SBR
D:\NQDEV\TRUNK\SRC\CGAME\DEBUG\CG_DRAWTOOLS.OBJ
D:\NQDEV\TRUNK\SRC\CGAME\DEBUG\CG_DRAWTOOLS.SBR
D:\NQDEV\TRUNK\SRC\CGAME\DEBUG\CG_EFFECTS.OBJ
D:\NQDEV\TRUNK\SRC\CGAME\DEBUG\CG_EFFECTS.SBR
D:\NQDEV\TRUNK\SRC\CGAME\DEBUG\CG_ENTS.OBJ
D:\NQDEV\TRUNK\SRC\CGAME\DEBUG\CG_ENTS.SBR
D:\NQDEV\TRUNK\SRC\CGAME\DEBUG\CG_EVENT.OBJ
D:\NQDEV\TRUNK\SRC\CGAME\DEBUG\CG_EVENT.SBR
D:\NQDEV\TRUNK\SRC\CGAME\DEBUG\CG_FIRETEAMOVERLAY.OBJ
D:\NQDEV\TRUNK\SRC\CGAME\DEBUG\CG_FIRETEAMOVERLAY.SBR
D:\NQDEV\TRUNK\SRC\CGAME\DEBUG\CG_FIRETEAMS.OBJ
D:\NQDEV\TRUNK\SRC\CGAME\DEBUG\CG_FIRETEAMS.SBR
D:\NQDEV\TRUNK\SRC\CGAME\DEBUG\CG_FLAMETHROWER.OBJ
D:\NQDEV\TRUNK\SRC\CGAME\DEBUG\CG_FLAMETHROWER.SBR
D:\NQDEV\TRUNK\SRC\CGAME\DEBUG\CG_INFO.OBJ
D:\NQDEV\TRUNK\SRC\CGAME\DEBUG\CG_INFO.SBR
D:\NQDEV\TRUNK\SRC\CGAME\DEBUG\CG_LIMBOPANEL.OBJ
D:\NQDEV\TRUNK\SRC\CGAME\DEBUG\CG_LIMBOPANEL.SBR
D:\NQDEV\TRUNK\SRC\CGAME\DEBUG\CG_LOADPANEL.OBJ
D:\NQDEV\TRUNK\SRC\CGAME\DEBUG\CG_LOADPANEL.SBR
D:\NQDEV\TRUNK\SRC\CGAME\DEBUG\CG_LOCALENTS.OBJ
D:\NQDEV\TRUNK\SRC\CGAME\DEBUG\CG_LOCALENTS.SBR
D:\NQDEV\TRUNK\SRC\CGAME\DEBUG\CG_MAIN.OBJ
D:\NQDEV\TRUNK\SRC\CGAME\DEBUG\CG_MAIN.SBR
D:\NQDEV\TRUNK\SRC\CGAME\DEBUG\CG_MARKS.OBJ
D:\NQDEV\TRUNK\SRC\CGAME\DEBUG\CG_MARKS.SBR
D:\NQDEV\TRUNK\SRC\CGAME\DEBUG\CG_MISSIONBRIEFING.OBJ
D:\NQDEV\TRUNK\SRC\CGAME\DEBUG\CG_MISSIONBRIEFING.SBR
D:\NQDEV\TRUNK\SRC\CGAME\DEBUG\CG_MISSIONMESSAGES.OBJ
D:\NQDEV\TRUNK\SRC\CGAME\DEBUG\CG_MISSIONMESSAGES.SBR
D:\NQDEV\TRUNK\SRC\CGAME\DEBUG\CG_MULTIVIEW.OBJ
D:\NQDEV\TRUNK\SRC\CGAME\DEBUG\CG_MULTIVIEW.SBR
D:\NQDEV\TRUNK\SRC\CGAME\DEBUG\CG_NEWDRAW.OBJ
D:\NQDEV\TRUNK\SRC\CGAME\DEBUG\CG_NEWDRAW.SBR
D:\NQDEV\TRUNK\SRC\CGAME\DEBUG\CG_PARTICLES.OBJ
D:\NQDEV\TRUNK\SRC\CGAME\DEBUG\CG_PARTICLES.SBR
D:\NQDEV\TRUNK\SRC\CGAME\DEBUG\CG_PLAYERS.OBJ
D:\NQDEV\TRUNK\SRC\CGAME\DEBUG\CG_PLAYERS.SBR
D:\NQDEV\TRUNK\SRC\CGAME\DEBUG\CG_PLAYERSTATE.OBJ
D:\NQDEV\TRUNK\SRC\CGAME\DEBUG\CG_PLAYERSTATE.SBR
D:\NQDEV\TRUNK\SRC\CGAME\DEBUG\CG_POLYBUS.OBJ
D:\NQDEV\TRUNK\SRC\CGAME\DEBUG\CG_POLYBUS.SBR
D:\NQDEV\TRUNK\SRC\CGAME\DEBUG\CG_POPUPMESSAGES.OBJ
D:\NQDEV\TRUNK\SRC\CGAME\DEBUG\CG_POPUPMESSAGES.SBR
D:\NQDEV\TRUNK\SRC\CGAME\DEBUG\CG_PREDICT.OBJ
D:\NQDEV\TRUNK\SRC\CGAME\DEBUG\CG_PREDICT.SBR
D:\NQDEV\TRUNK\SRC\CGAME\DEBUG\CG_SCOREBOARD.OBJ
D:\NQDEV\TRUNK\SRC\CGAME\DEBUG\CG_SCOREBOARD.SBR
D:\NQDEV\TRUNK\SRC\CGAME\DEBUG\CG_SERVERCMDS.OBJ
D:\NQDEV\TRUNK\SRC\CGAME\DEBUG\CG_SERVERCMDS.SBR
D:\NQDEV\TRUNK\SRC\CGAME\DEBUG\CG_SNAPSHOT.OBJ
D:\NQDEV\TRUNK\SRC\CGAME\DEBUG\CG_SNAPSHOT.SBR
D:\NQDEV\TRUNK\SRC\CGAME\DEBUG\CG_SOUND.OBJ
D:\NQDEV\TRUNK\SRC\CGAME\DEBUG\CG_SOUND.SBR
D:\NQDEV\TRUNK\SRC\CGAME\DEBUG\CG_SPAWN.OBJ
D:\NQDEV\TRUNK\SRC\CGAME\DEBUG\CG_SPAWN.SBR
D:\NQDEV\TRUNK\SRC\CGAME\DEBUG\CG_STATSRANKSMEDALS.OBJ
D:\NQDEV\TRUNK\SRC\CGAME\DEBUG\CG_STATSRANKSMEDALS.SBR
D:\NQDEV\TRUNK\SRC\CGAME\DEBUG\CG_SYSCALLS.OBJ
D:\NQDEV\TRUNK\SRC\CGAME\DEBUG\CG_SYSCALLS.SBR
D:\NQDEV\TRUNK\SRC\CGAME\DEBUG\CG_TRAILS.OBJ
D:\NQDEV\TRUNK\SRC\CGAME\DEBUG\CG_TRAILS.SBR
D:\NQDEV\TRUNK\SRC\CGAME\DEBUG\CG_UID.OBJ
D:\NQDEV\TRUNK\SRC\CGAME\DEBUG\CG_UID.SBR
D:\NQDEV\TRUNK\SRC\CGAME\DEBUG\CG_VIEW.OBJ
D:\NQDEV\TRUNK\SRC\CGAME\DEBUG\CG_VIEW.SBR
D:\NQDEV\TRUNK\SRC\CGAME\DEBUG\CG_WEAPONS.OBJ
D:\NQDEV\TRUNK\SRC\CGAME\DEBUG\CG_WEAPONS.SBR
D:\NQDEV\TRUNK\SRC\CGAME\DEBUG\CG_WINDOW.OBJ
D:\NQDEV\TRUNK\SRC\CGAME\DEBUG\CG_WINDOW.SBR
D:\NQDEV\TRUNK\SRC\CGAME\DEBUG\CGAME.BSC
D:\NQDEV\TRUNK\SRC\CGAME\DEBUG\CGAME.DLL.INTERMEDIATE.MANIFEST
D:\NQDEV\trunk\src\cgame\Debug\cgame.write.1.tlog
D:\NQDEV\trunk\src\cgame\Debug\cgame_mp_x86.exp
D:\NQDEV\trunk\src\cgame\Debug\cgame_mp_x86.lib
D:\NQDEV\TRUNK\SRC\CGAME\DEBUG\CGAME_MP_X86.MAP
D:\NQDEV\TRUNK\SRC\CGAME\DEBUG\CGAME_MP_X86.PDB
D:\NQDEV\trunk\src\cgame\Debug\cl.command.1.tlog
D:\NQDEV\trunk\src\cgame\Debug\CL.read.1.tlog
D:\NQDEV\trunk\src\cgame\Debug\CL.write.1.tlog
D:\NQDEV\TRUNK\SRC\CGAME\DEBUG\G_MATCH_TOKENS.OBJ
D:\NQDEV\TRUNK\SRC\CGAME\DEBUG\G_MATCH_TOKENS.SBR
D:\NQDEV\TRUNK\SRC\CGAME\DEBUG\G_STRPARSE.OBJ
D:\NQDEV\TRUNK\SRC\CGAME\DEBUG\G_STRPARSE.SBR
D:\NQDEV\trunk\src\cgame\Debug\link.command.1.tlog
D:\NQDEV\trunk\src\cgame\Debug\link.read.1.tlog
D:\NQDEV\trunk\src\cgame\Debug\link.write.1.tlog
D:\NQDEV\TRUNK\SRC\CGAME\DEBUG\MD5.OBJ
D:\NQDEV\TRUNK\SRC\CGAME\DEBUG\MD5.SBR
D:\NQDEV\trunk\src\cgame\Debug\mt.command.1.tlog
D:\NQDEV\trunk\src\cgame\Debug\mt.read.1.tlog
D:\NQDEV\trunk\src\cgame\Debug\mt.write.1.tlog
D:\NQDEV\TRUNK\SRC\CGAME\DEBUG\Q_MATH.OBJ
D:\NQDEV\TRUNK\SRC\CGAME\DEBUG\Q_MATH.SBR
D:\NQDEV\TRUNK\SRC\CGAME\DEBUG\Q_SHARED.OBJ
D:\NQDEV\TRUNK\SRC\CGAME\DEBUG\Q_SHARED.SBR
D:\NQDEV\TRUNK\SRC\CGAME\DEBUG\UI_SHARED.OBJ
D:\NQDEV\TRUNK\SRC\CGAME\DEBUG\UI_SHARED.SBR
D:\NQDEV\trunk\src\cgame\Debug\vc100.idb
D:\NQDEV\TRUNK\SRC\CGAME\DEBUG\VC100.PDB
