.\Debug\ui_mp_x86.bsc
D:\NQDEV\TRUNK\SRC\DEBUG\UI.PDB
D:\NQDEV\trunk\src\ui\.\Debug\ui_mp_x86.dll.intermediate.manifest
D:\NQDEV\TRUNK\SRC\UI\DEBUG\BG_ANIMATION.OBJ
D:\NQDEV\TRUNK\SRC\UI\DEBUG\BG_ANIMATION.SBR
D:\NQDEV\TRUNK\SRC\UI\DEBUG\BG_ANIMGROUP.OBJ
D:\NQDEV\TRUNK\SRC\UI\DEBUG\BG_ANIMGROUP.SBR
D:\NQDEV\TRUNK\SRC\UI\DEBUG\BG_CAMPAIGN.OBJ
D:\NQDEV\TRUNK\SRC\UI\DEBUG\BG_CAMPAIGN.SBR
D:\NQDEV\TRUNK\SRC\UI\DEBUG\BG_CHARACTER.OBJ
D:\NQDEV\TRUNK\SRC\UI\DEBUG\BG_CHARACTER.SBR
D:\NQDEV\TRUNK\SRC\UI\DEBUG\BG_CLASSES.OBJ
D:\NQDEV\TRUNK\SRC\UI\DEBUG\BG_CLASSES.SBR
D:\NQDEV\TRUNK\SRC\UI\DEBUG\BG_MISC.OBJ
D:\NQDEV\TRUNK\SRC\UI\DEBUG\BG_MISC.SBR
D:\NQDEV\trunk\src\ui\Debug\BscMake.command.1.tlog
D:\NQDEV\trunk\src\ui\Debug\bscmake.read.1.tlog
D:\NQDEV\trunk\src\ui\Debug\bscmake.write.1.tlog
D:\NQDEV\trunk\src\ui\Debug\cl.command.1.tlog
D:\NQDEV\trunk\src\ui\Debug\CL.read.1.tlog
D:\NQDEV\trunk\src\ui\Debug\CL.write.1.tlog
D:\NQDEV\trunk\src\ui\Debug\link.command.1.tlog
D:\NQDEV\trunk\src\ui\Debug\link.read.1.tlog
D:\NQDEV\trunk\src\ui\Debug\link.write.1.tlog
D:\NQDEV\trunk\src\ui\Debug\mt.command.1.tlog
D:\NQDEV\trunk\src\ui\Debug\mt.read.1.tlog
D:\NQDEV\trunk\src\ui\Debug\mt.write.1.tlog
D:\NQDEV\TRUNK\SRC\UI\DEBUG\Q_MATH.OBJ
D:\NQDEV\TRUNK\SRC\UI\DEBUG\Q_MATH.SBR
D:\NQDEV\TRUNK\SRC\UI\DEBUG\Q_SHARED.OBJ
D:\NQDEV\TRUNK\SRC\UI\DEBUG\Q_SHARED.SBR
D:\NQDEV\trunk\src\ui\Debug\ui.write.1.tlog
D:\NQDEV\TRUNK\SRC\UI\DEBUG\UI_ATOMS.OBJ
D:\NQDEV\TRUNK\SRC\UI\DEBUG\UI_ATOMS.SBR
D:\NQDEV\TRUNK\SRC\UI\DEBUG\UI_GAMEINFO.OBJ
D:\NQDEV\TRUNK\SRC\UI\DEBUG\UI_GAMEINFO.SBR
D:\NQDEV\TRUNK\SRC\UI\DEBUG\UI_LOADPANEL.OBJ
D:\NQDEV\TRUNK\SRC\UI\DEBUG\UI_LOADPANEL.SBR
D:\NQDEV\TRUNK\SRC\UI\DEBUG\UI_MAIN.OBJ
D:\NQDEV\TRUNK\SRC\UI\DEBUG\UI_MAIN.SBR
D:\NQDEV\TRUNK\SRC\UI\DEBUG\UI_MP_X86.BSC
D:\NQDEV\TRUNK\SRC\UI\DEBUG\UI_MP_X86.DLL.INTERMEDIATE.MANIFEST
D:\NQDEV\trunk\src\ui\Debug\ui_mp_x86.exp
D:\NQDEV\trunk\src\ui\Debug\ui_mp_x86.lib
D:\NQDEV\TRUNK\SRC\UI\DEBUG\UI_MP_X86.MAP
D:\NQDEV\TRUNK\SRC\UI\DEBUG\UI_SHARED.OBJ
D:\NQDEV\TRUNK\SRC\UI\DEBUG\UI_SHARED.SBR
D:\NQDEV\TRUNK\SRC\UI\DEBUG\UI_SYSCALLS.OBJ
D:\NQDEV\TRUNK\SRC\UI\DEBUG\UI_SYSCALLS.SBR
D:\NQDEV\trunk\src\ui\Debug\vc100.idb
D:\NQDEV\TRUNK\SRC\UI\DEBUG\VC100.PDB
D:\NQDEV\TRUNK\UI_MP_X86.DLL
