D:\NQDEV\TRUNK\SRC\CGAME\RELEASE\BG_ANIMATION.OBJ
D:\NQDEV\TRUNK\SRC\CGAME\RELEASE\BG_ANIMGROUP.OBJ
D:\NQDEV\TRUNK\SRC\CGAME\RELEASE\BG_CAMPAIGN.OBJ
D:\NQDEV\TRUNK\SRC\CGAME\RELEASE\BG_CHARACTER.OBJ
D:\NQDEV\TRUNK\SRC\CGAME\RELEASE\BG_CLASSES.OBJ
D:\NQDEV\TRUNK\SRC\CGAME\RELEASE\BG_MISC.OBJ
D:\NQDEV\TRUNK\SRC\CGAME\RELEASE\BG_PMOVE.OBJ
D:\NQDEV\TRUNK\SRC\CGAME\RELEASE\BG_SLIDEMOVE.OBJ
D:\NQDEV\TRUNK\SRC\CGAME\RELEASE\BG_SSCRIPT.OBJ
D:\NQDEV\TRUNK\SRC\CGAME\RELEASE\BG_STATS.OBJ
D:\NQDEV\TRUNK\SRC\CGAME\RELEASE\BG_TRACEMAP.OBJ
D:\NQDEV\TRUNK\SRC\CGAME\RELEASE\BG_WEAPONS.OBJ
D:\NQDEV\TRUNK\SRC\CGAME\RELEASE\CG_ATMOSPHERIC.OBJ
D:\NQDEV\TRUNK\SRC\CGAME\RELEASE\CG_CHARACTER.OBJ
D:\NQDEV\TRUNK\SRC\CGAME\RELEASE\CG_COMMANDMAP.OBJ
D:\NQDEV\TRUNK\SRC\CGAME\RELEASE\CG_CONSOLECMDS.OBJ
D:\NQDEV\TRUNK\SRC\CGAME\RELEASE\CG_CRASH.OBJ
D:\NQDEV\TRUNK\SRC\CGAME\RELEASE\CG_DEBRIEFING.OBJ
D:\NQDEV\TRUNK\SRC\CGAME\RELEASE\CG_DRAW.OBJ
D:\NQDEV\TRUNK\SRC\CGAME\RELEASE\CG_DRAWTOOLS.OBJ
D:\NQDEV\TRUNK\SRC\CGAME\RELEASE\CG_EFFECTS.OBJ
D:\NQDEV\TRUNK\SRC\CGAME\RELEASE\CG_ENTS.OBJ
D:\NQDEV\TRUNK\SRC\CGAME\RELEASE\CG_EVENT.OBJ
D:\NQDEV\TRUNK\SRC\CGAME\RELEASE\CG_FIRETEAMOVERLAY.OBJ
D:\NQDEV\TRUNK\SRC\CGAME\RELEASE\CG_FIRETEAMS.OBJ
D:\NQDEV\TRUNK\SRC\CGAME\RELEASE\CG_FLAMETHROWER.OBJ
D:\NQDEV\TRUNK\SRC\CGAME\RELEASE\CG_INFO.OBJ
D:\NQDEV\TRUNK\SRC\CGAME\RELEASE\CG_LIMBOPANEL.OBJ
D:\NQDEV\TRUNK\SRC\CGAME\RELEASE\CG_LOADPANEL.OBJ
D:\NQDEV\TRUNK\SRC\CGAME\RELEASE\CG_LOCALENTS.OBJ
D:\NQDEV\TRUNK\SRC\CGAME\RELEASE\CG_MAIN.OBJ
D:\NQDEV\TRUNK\SRC\CGAME\RELEASE\CG_MARKS.OBJ
D:\NQDEV\TRUNK\SRC\CGAME\RELEASE\CG_MISSIONBRIEFING.OBJ
D:\NQDEV\TRUNK\SRC\CGAME\RELEASE\CG_MISSIONMESSAGES.OBJ
D:\NQDEV\TRUNK\SRC\CGAME\RELEASE\CG_MULTIVIEW.OBJ
D:\NQDEV\TRUNK\SRC\CGAME\RELEASE\CG_NEWDRAW.OBJ
D:\NQDEV\TRUNK\SRC\CGAME\RELEASE\CG_PARTICLES.OBJ
D:\NQDEV\TRUNK\SRC\CGAME\RELEASE\CG_PLAYERS.OBJ
D:\NQDEV\TRUNK\SRC\CGAME\RELEASE\CG_PLAYERSTATE.OBJ
D:\NQDEV\TRUNK\SRC\CGAME\RELEASE\CG_POLYBUS.OBJ
D:\NQDEV\TRUNK\SRC\CGAME\RELEASE\CG_POPUPMESSAGES.OBJ
D:\NQDEV\TRUNK\SRC\CGAME\RELEASE\CG_PREDICT.OBJ
D:\NQDEV\TRUNK\SRC\CGAME\RELEASE\CG_SCOREBOARD.OBJ
D:\NQDEV\TRUNK\SRC\CGAME\RELEASE\CG_SERVERCMDS.OBJ
D:\NQDEV\TRUNK\SRC\CGAME\RELEASE\CG_SNAPSHOT.OBJ
D:\NQDEV\TRUNK\SRC\CGAME\RELEASE\CG_SOUND.OBJ
D:\NQDEV\TRUNK\SRC\CGAME\RELEASE\CG_SPAWN.OBJ
D:\NQDEV\TRUNK\SRC\CGAME\RELEASE\CG_STATSRANKSMEDALS.OBJ
D:\NQDEV\TRUNK\SRC\CGAME\RELEASE\CG_SYSCALLS.OBJ
D:\NQDEV\TRUNK\SRC\CGAME\RELEASE\CG_TRAILS.OBJ
D:\NQDEV\TRUNK\SRC\CGAME\RELEASE\CG_UID.OBJ
D:\NQDEV\TRUNK\SRC\CGAME\RELEASE\CG_VIEW.OBJ
D:\NQDEV\TRUNK\SRC\CGAME\RELEASE\CG_WEAPONS.OBJ
D:\NQDEV\TRUNK\SRC\CGAME\RELEASE\CG_WINDOW.OBJ
D:\NQDEV\trunk\src\cgame\Release\cgame.dll.intermediate.manifest
D:\NQDEV\trunk\src\cgame\Release\cgame_mp_x86.exp
D:\NQDEV\trunk\src\cgame\Release\cl.command.1.tlog
D:\NQDEV\trunk\src\cgame\Release\CL.read.1.tlog
D:\NQDEV\trunk\src\cgame\Release\CL.write.1.tlog
D:\NQDEV\TRUNK\SRC\CGAME\RELEASE\G_MATCH_TOKENS.OBJ
D:\NQDEV\TRUNK\SRC\CGAME\RELEASE\G_STRPARSE.OBJ
D:\NQDEV\trunk\src\cgame\Release\link.command.1.tlog
D:\NQDEV\trunk\src\cgame\Release\link.read.1.tlog
D:\NQDEV\trunk\src\cgame\Release\link.write.1.tlog
D:\NQDEV\TRUNK\SRC\CGAME\RELEASE\Q_MATH.OBJ
D:\NQDEV\TRUNK\SRC\CGAME\RELEASE\Q_SHARED.OBJ
D:\NQDEV\TRUNK\SRC\CGAME\RELEASE\UI_SHARED.OBJ
D:\NQDEV\TRUNK\SRC\CGAME\RELEASE\VC100.PDB
