D:\NQDEV\RELEASE\QAGAME_MP_X86.DLL
D:\NQDEV\TRUNK\SRC\GAME\RELEASE\BG_ANIMATION.OBJ
D:\NQDEV\TRUNK\SRC\GAME\RELEASE\BG_ANIMGROUP.OBJ
D:\NQDEV\TRUNK\SRC\GAME\RELEASE\BG_CAMPAIGN.OBJ
D:\NQDEV\TRUNK\SRC\GAME\RELEASE\BG_CHARACTER.OBJ
D:\NQDEV\TRUNK\SRC\GAME\RELEASE\BG_CLASSES.OBJ
D:\NQDEV\TRUNK\SRC\GAME\RELEASE\BG_MISC.OBJ
D:\NQDEV\TRUNK\SRC\GAME\RELEASE\BG_PMOVE.OBJ
D:\NQDEV\TRUNK\SRC\GAME\RELEASE\BG_PROFILER_HOOK.OBJ
D:\NQDEV\TRUNK\SRC\GAME\RELEASE\BG_SLIDEMOVE.OBJ
D:\NQDEV\TRUNK\SRC\GAME\RELEASE\BG_SSCRIPT.OBJ
D:\NQDEV\TRUNK\SRC\GAME\RELEASE\BG_STATS.OBJ
D:\NQDEV\TRUNK\SRC\GAME\RELEASE\BG_TRACEMAP.OBJ
D:\NQDEV\TRUNK\SRC\GAME\RELEASE\BG_WEAPONS.OBJ
D:\NQDEV\trunk\src\game\Release\cl.command.1.tlog
D:\NQDEV\trunk\src\game\Release\CL.read.1.tlog
D:\NQDEV\trunk\src\game\Release\CL.write.1.tlog
D:\NQDEV\TRUNK\SRC\GAME\RELEASE\ET-ANTIWARP.OBJ
D:\NQDEV\TRUNK\SRC\GAME\RELEASE\ETPRO_MDX.OBJ
D:\NQDEV\TRUNK\SRC\GAME\RELEASE\G_ACTIVE.OBJ
D:\NQDEV\TRUNK\SRC\GAME\RELEASE\G_ALARM.OBJ
D:\NQDEV\TRUNK\SRC\GAME\RELEASE\G_ANTILAG.OBJ
D:\NQDEV\TRUNK\SRC\GAME\RELEASE\G_BUDDY_LIST.OBJ
D:\NQDEV\TRUNK\SRC\GAME\RELEASE\G_CHARACTER.OBJ
D:\NQDEV\TRUNK\SRC\GAME\RELEASE\G_CLIENT.OBJ
D:\NQDEV\TRUNK\SRC\GAME\RELEASE\G_CMDS.OBJ
D:\NQDEV\TRUNK\SRC\GAME\RELEASE\G_CMDS_EXT.OBJ
D:\NQDEV\TRUNK\SRC\GAME\RELEASE\G_COMBAT.OBJ
D:\NQDEV\TRUNK\SRC\GAME\RELEASE\G_CONFIG.OBJ
D:\NQDEV\TRUNK\SRC\GAME\RELEASE\G_CRASH.OBJ
D:\NQDEV\TRUNK\SRC\GAME\RELEASE\G_FIRETEAMS.OBJ
D:\NQDEV\TRUNK\SRC\GAME\RELEASE\G_ITEMS.OBJ
D:\NQDEV\TRUNK\SRC\GAME\RELEASE\G_MAIN.OBJ
D:\NQDEV\TRUNK\SRC\GAME\RELEASE\G_MATCH.OBJ
D:\NQDEV\TRUNK\SRC\GAME\RELEASE\G_MATCH_TOKENS.OBJ
D:\NQDEV\TRUNK\SRC\GAME\RELEASE\G_MEM.OBJ
D:\NQDEV\TRUNK\SRC\GAME\RELEASE\G_MISC.OBJ
D:\NQDEV\TRUNK\SRC\GAME\RELEASE\G_MISSILE.OBJ
D:\NQDEV\TRUNK\SRC\GAME\RELEASE\G_MOVER.OBJ
D:\NQDEV\TRUNK\SRC\GAME\RELEASE\G_MULTIVIEW.OBJ
D:\NQDEV\TRUNK\SRC\GAME\RELEASE\G_OSFILE.OBJ
D:\NQDEV\TRUNK\SRC\GAME\RELEASE\G_PROPS.OBJ
D:\NQDEV\TRUNK\SRC\GAME\RELEASE\G_REFEREE.OBJ
D:\NQDEV\TRUNK\SRC\GAME\RELEASE\G_SCRIPT.OBJ
D:\NQDEV\TRUNK\SRC\GAME\RELEASE\G_SCRIPT_ACTIONS.OBJ
D:\NQDEV\TRUNK\SRC\GAME\RELEASE\G_SESSION.OBJ
D:\NQDEV\TRUNK\SRC\GAME\RELEASE\G_SHRUBBOT.OBJ
D:\NQDEV\TRUNK\SRC\GAME\RELEASE\G_SPAWN.OBJ
D:\NQDEV\TRUNK\SRC\GAME\RELEASE\G_STATS.OBJ
D:\NQDEV\TRUNK\SRC\GAME\RELEASE\G_STRPARSE.OBJ
D:\NQDEV\TRUNK\SRC\GAME\RELEASE\G_SVCMDS.OBJ
D:\NQDEV\TRUNK\SRC\GAME\RELEASE\G_SYSCALLS.OBJ
D:\NQDEV\TRUNK\SRC\GAME\RELEASE\G_SYSTEMMSG.OBJ
D:\NQDEV\TRUNK\SRC\GAME\RELEASE\G_TARGET.OBJ
D:\NQDEV\TRUNK\SRC\GAME\RELEASE\G_TEAM.OBJ
D:\NQDEV\TRUNK\SRC\GAME\RELEASE\G_TEAMMAPDATA.OBJ
D:\NQDEV\TRUNK\SRC\GAME\RELEASE\G_TIME.OBJ
D:\NQDEV\TRUNK\SRC\GAME\RELEASE\G_TRIGGER.OBJ
D:\NQDEV\TRUNK\SRC\GAME\RELEASE\G_UTILS.OBJ
D:\NQDEV\TRUNK\SRC\GAME\RELEASE\G_VOTE.OBJ
D:\NQDEV\TRUNK\SRC\GAME\RELEASE\G_WEAPON.OBJ
D:\NQDEV\TRUNK\SRC\GAME\RELEASE\G_XPSAVE.OBJ
D:\NQDEV\TRUNK\SRC\GAME\RELEASE\GAME.DLL.INTERMEDIATE.MANIFEST
D:\NQDEV\trunk\src\game\Release\game.write.1.tlog
D:\NQDEV\TRUNK\SRC\GAME\RELEASE\GEOIP.OBJ
D:\NQDEV\trunk\src\game\Release\link.command.1.tlog
D:\NQDEV\trunk\src\game\Release\link.read.1.tlog
D:\NQDEV\trunk\src\game\Release\link.write.1.tlog
D:\NQDEV\trunk\src\game\Release\mt.command.1.tlog
D:\NQDEV\trunk\src\game\Release\mt.read.1.tlog
D:\NQDEV\trunk\src\game\Release\mt.write.1.tlog
D:\NQDEV\TRUNK\SRC\GAME\RELEASE\Q_MATH.OBJ
D:\NQDEV\TRUNK\SRC\GAME\RELEASE\Q_SHARED.OBJ
D:\NQDEV\trunk\src\game\Release\qagame_mp_x86.exp
D:\NQDEV\trunk\src\game\Release\qagame_mp_x86.lib
D:\NQDEV\TRUNK\SRC\GAME\RELEASE\QAGAME_MP_X86.MAP
D:\NQDEV\TRUNK\SRC\GAME\RELEASE\VC100.PDB
