D:\NQDEV\TRUNK\SRC\UI\RELEASE\BG_ANIMATION.OBJ
D:\NQDEV\TRUNK\SRC\UI\RELEASE\BG_ANIMGROUP.OBJ
D:\NQDEV\TRUNK\SRC\UI\RELEASE\BG_CAMPAIGN.OBJ
D:\NQDEV\TRUNK\SRC\UI\RELEASE\BG_CHARACTER.OBJ
D:\NQDEV\TRUNK\SRC\UI\RELEASE\BG_CLASSES.OBJ
D:\NQDEV\TRUNK\SRC\UI\RELEASE\BG_MISC.OBJ
D:\NQDEV\trunk\src\ui\Release\cl.command.1.tlog
D:\NQDEV\trunk\src\ui\Release\CL.read.1.tlog
D:\NQDEV\trunk\src\ui\Release\CL.write.1.tlog
D:\NQDEV\trunk\src\ui\Release\link.command.1.tlog
D:\NQDEV\trunk\src\ui\Release\link.read.1.tlog
D:\NQDEV\trunk\src\ui\Release\link.write.1.tlog
D:\NQDEV\trunk\src\ui\Release\mt.command.1.tlog
D:\NQDEV\trunk\src\ui\Release\mt.read.1.tlog
D:\NQDEV\trunk\src\ui\Release\mt.write.1.tlog
D:\NQDEV\TRUNK\SRC\UI\RELEASE\Q_MATH.OBJ
D:\NQDEV\TRUNK\SRC\UI\RELEASE\Q_SHARED.OBJ
D:\NQDEV\TRUNK\SRC\UI\RELEASE\UI.DLL.INTERMEDIATE.MANIFEST
D:\NQDEV\trunk\src\ui\Release\ui.write.1.tlog
D:\NQDEV\TRUNK\SRC\UI\RELEASE\UI_ATOMS.OBJ
D:\NQDEV\TRUNK\SRC\UI\RELEASE\UI_GAMEINFO.OBJ
D:\NQDEV\TRUNK\SRC\UI\RELEASE\UI_LOADPANEL.OBJ
D:\NQDEV\TRUNK\SRC\UI\RELEASE\UI_MAIN.OBJ
D:\NQDEV\trunk\src\ui\Release\ui_mp_x86.exp
D:\NQDEV\trunk\src\ui\Release\ui_mp_x86.lib
D:\NQDEV\TRUNK\SRC\UI\RELEASE\UI_MP_X86.MAP
D:\NQDEV\TRUNK\SRC\UI\RELEASE\UI_SHARED.OBJ
D:\NQDEV\TRUNK\SRC\UI\RELEASE\UI_SYSCALLS.OBJ
D:\NQDEV\TRUNK\SRC\UI\RELEASE\VC100.PDB
D:\NQDEV\TRUNK\UI_MP_X86.DLL
